<?xml version="1.0" encoding="UTF-8"?>
<!-- Generated by org.testng.reporters.JUnitXMLReporter -->
<testsuite hostname="PTL010979" name="Validate Title" tests="1" failures="1" timestamp="16 Jan 2020 12:46:30 GMT" time="0.011" errors="0">
  <testcase name="@AfterTest teardown" time="0.0" classname="Academy.ValidateTitle">
    <failure type="java.lang.NullPointerException">
      <![CDATA[java.lang.NullPointerException
	at Academy.ValidateTitle.teardown(ValidateTitle.java:42)
... Removed 22 stack frames]]>
    </failure>
  </testcase> <!-- @AfterTest teardown -->
  <testcase name="basePageNavigation" time="0.003" classname="Academy.ValidateTitle">
    <failure type="java.lang.NullPointerException">
      <![CDATA[java.lang.NullPointerException
	at pageObjects.LandingPage.contactIcon(LandingPage.java:35)
	at Academy.ValidateTitle.basePageNavigation(ValidateTitle.java:35)
... Removed 24 stack frames]]>
    </failure>
  </testcase> <!-- basePageNavigation -->
</testsuite> <!-- Validate Title -->
